<?xml version="1.0" encoding="utf-8"?><testsuites name="pytest tests"><testsuite name="pytest" errors="0" failures="0" skipped="0" tests="27" time="2.871" timestamp="2026-01-04T11:23:48.110208+00:00" hostname="agent-env-0d78b865-7ed6-4cd2-b44f-7dad893a1045"><testcase classname="tests.test_spencer_hotel_api.TestHealthAndRoot" name="test_api_root" time="0.075" /><testcase classname="tests.test_spencer_hotel_api.TestAuthEndpoints" name="test_login_success" time="0.270" /><testcase classname="tests.test_spencer_hotel_api.TestAuthEndpoints" name="test_login_invalid_credentials" time="0.041" /><testcase classname="tests.test_spencer_hotel_api.TestAuthEndpoints" name="test_login_missing_fields" time="0.042" /><testcase classname="tests.test_spencer_hotel_api.TestAuthEndpoints" name="test_get_me_with_token" time="0.304" /><testcase classname="tests.test_spencer_hotel_api.TestAuthEndpoints" name="test_get_me_without_token" time="0.038" /><testcase classname="tests.test_spencer_hotel_api.TestRoomsEndpoints" name="test_get_rooms" time="0.037" /><testcase classname="tests.test_spencer_hotel_api.TestRoomsEndpoints" name="test_get_single_room" time="0.071" /><testcase classname="tests.test_spencer_hotel_api.TestRoomsEndpoints" name="test_get_nonexistent_room" time="0.038" /><testcase classname="tests.test_spencer_hotel_api.TestAvailabilityEndpoint" name="test_check_availability" time="0.042" /><testcase classname="tests.test_spencer_hotel_api.TestAvailabilityEndpoint" name="test_check_availability_specific_dates" time="0.040" /><testcase classname="tests.test_spencer_hotel_api.TestAvailabilityEndpoint" name="test_check_availability_missing_params" time="0.042" /><testcase classname="tests.test_spencer_hotel_api.TestContentEndpoints" name="test_get_all_content" time="0.037" /><testcase classname="tests.test_spencer_hotel_api.TestContentEndpoints" name="test_get_page_content" time="0.044" /><testcase classname="tests.test_spencer_hotel_api.TestReviewsEndpoints" name="test_get_visible_reviews" time="0.037" /><testcase classname="tests.test_spencer_hotel_api.TestReviewsEndpoints" name="test_create_review" time="0.038" /><testcase classname="tests.test_spencer_hotel_api.TestReservationsEndpoints" name="test_create_reservation" time="0.088" /><testcase classname="tests.test_spencer_hotel_api.TestReservationsEndpoints" name="test_create_reservation_invalid_dates" time="0.119" /><testcase classname="tests.test_spencer_hotel_api.TestReservationsEndpoints" name="test_check_reservation_by_email" time="0.036" /><testcase classname="tests.test_spencer_hotel_api.TestReservationsEndpoints" name="test_check_reservation_no_params" time="0.035" /><testcase classname="tests.test_spencer_hotel_api.TestAdminDashboard" name="test_dashboard_with_auth" time="0.297" /><testcase classname="tests.test_spencer_hotel_api.TestAdminDashboard" name="test_dashboard_without_auth" time="0.035" /><testcase classname="tests.test_spencer_hotel_api.TestAdminReservations" name="test_get_all_reservations" time="0.295" /><testcase classname="tests.test_spencer_hotel_api.TestAdminReservations" name="test_get_reservations_filtered" time="0.300" /><testcase classname="tests.test_spencer_hotel_api.TestAdminUsers" name="test_get_users" time="0.297" /><testcase classname="tests.test_spencer_hotel_api.TestInventoryEndpoints" name="test_get_inventory" time="0.043" /><testcase classname="tests.test_spencer_hotel_api.TestInventoryEndpoints" name="test_get_inventory_filtered" time="0.036" /></testsuite></testsuites>